0 info it worked if it ends with ok
1 verbose cli [ 'C:\\Program Files\\nodejs\\\\node.exe',
1 verbose cli   'C:\\Program Files\\nodejs\\node_modules\\npm\\bin\\npm-cli.js',
1 verbose cli   'run',
1 verbose cli   'lite' ]
2 info using npm@4.0.1
3 info using node@v0.10.31
4 verbose run-script [ 'prelite', 'lite', 'postlite' ]
5 info lifecycle lab_router@1.0.0~prelite: lab_router@1.0.0
6 silly lifecycle lab_router@1.0.0~prelite: no script for prelite, continuing
7 info lifecycle lab_router@1.0.0~lite: lab_router@1.0.0
8 verbose lifecycle lab_router@1.0.0~lite: unsafe-perm in lifecycle true
9 verbose lifecycle lab_router@1.0.0~lite: PATH: C:\Program Files\nodejs\node_modules\npm\bin\node-gyp-bin;C:\Users\BSK\WebstormProjects\angular-pipe-lab6\node_modules\.bin;C:\Program Files\nodejs\node_modules\npm\bin\node-gyp-bin;C:\Users\BSK\WebstormProjects\angular-pipe-lab6\node_modules\.bin;C:\ProgramData\Oracle\Java\javapath;C:\Program Files\Common Files\Microsoft Shared\Windows Live;C:\Program Files (x86)\Common Files\Microsoft Shared\Windows Live;C:\Program Files (x86)\AMD APP\bin\x86_64;C:\Program Files (x86)\AMD APP\bin\x86;C:\Program Files (x86)\Intel\iCLS Client\;C:\Program Files\Intel\iCLS Client\;C:\Windows\system32;C:\Windows;C:\Windows\System32\Wbem;C:\Windows\System32\WindowsPowerShell\v1.0\;C:\Program Files\Intel\Intel(R) Management Engine Components\DAL;C:\Program Files\Intel\Intel(R) Management Engine Components\IPT;C:\Program Files (x86)\Intel\Intel(R) Management Engine Components\DAL;C:\Program Files (x86)\Intel\Intel(R) Management Engine Components\IPT;C:\Program Files (x86)\Windows Live\Shared;C:\Program Files\nodejs\;C:\Program Files (x86)\Git\cmd;C:\Program Files\Java\jre8\bin;C:\Program Files\Java\jdk1.8.0_05\bin;C:\Program Files\Java\jdk1.7.0_71\bin;C:\Program Files\Java\jre7\bin;C:\Program Files (x86)\QuickTime\QTSystem\;C:\Program Files (x86)\Diffuse;C:\Program Files (x86)\Deployd\bin;C:\xampp\php;C:\ProgramData\ComposerSetup\bin;C:\Program Files (x86)\Microsoft ASP.NET\ASP.NET Web Pages\v1.0\;C:\Program Files (x86)\Windows Kits\8.0\Windows Performance Toolkit\;C:\Program Files\Microsoft SQL Server\110\Tools\Binn\;C:\Program Files\Microsoft\Web Platform Installer\;C:\Program Files (x86)\Skype\Phone\;C:\Program Files (x86)\DevDesktop\drush;C:\Program Files (x86)\nodejs\;C:\Program Files\Git\cmd;C:\Ruby200\bin;C:\Program Files (x86)\Java\jdk1.7.0_40\bin;C:\Users\BSK\AppData\Local\atom\bin;C:\Users\BSK\AppData\Roaming\npm
10 verbose lifecycle lab_router@1.0.0~lite: CWD: C:\Users\BSK\WebstormProjects\angular-pipe-lab6
11 silly lifecycle lab_router@1.0.0~lite: Args: [ '/d /s /c', 'lite-server' ]
12 silly lifecycle lab_router@1.0.0~lite: Returned: code: -1073741510  signal: null
13 info lifecycle lab_router@1.0.0~lite: Failed to exec lite script
14 verbose stack Error: lab_router@1.0.0 lite: `lite-server`
14 verbose stack Exit status -1073741510
14 verbose stack     at EventEmitter.<anonymous> (C:\Program Files\nodejs\node_modules\npm\lib\utils\lifecycle.js:279:16)
14 verbose stack     at EventEmitter.emit (events.js:98:17)
14 verbose stack     at ChildProcess.<anonymous> (C:\Program Files\nodejs\node_modules\npm\lib\utils\spawn.js:40:14)
14 verbose stack     at ChildProcess.emit (events.js:98:17)
14 verbose stack     at maybeClose (child_process.js:756:16)
14 verbose stack     at Process.ChildProcess._handle.onexit (child_process.js:823:5)
15 verbose pkgid lab_router@1.0.0
16 verbose cwd C:\Users\BSK\WebstormProjects\angular-pipe-lab6
17 error Windows_NT 6.1.7601
18 error argv "C:\\Program Files\\nodejs\\\\node.exe" "C:\\Program Files\\nodejs\\node_modules\\npm\\bin\\npm-cli.js" "run" "lite"
19 error node v0.10.31
20 error npm  v4.0.1
21 error code ELIFECYCLE
22 error lab_router@1.0.0 lite: `lite-server`
22 error Exit status -1073741510
23 error Failed at the lab_router@1.0.0 lite script 'lite-server'.
23 error Make sure you have the latest version of node.js and npm installed.
23 error If you do, this is most likely a problem with the lab_router package,
23 error not with npm itself.
23 error Tell the author that this fails on your system:
23 error     lite-server
23 error You can get information on how to open an issue for this project with:
23 error     npm bugs lab_router
23 error Or if that isn't available, you can get their info via:
23 error     npm owner ls lab_router
23 error There is likely additional logging output above.
24 verbose exit [ 1, true ]
